{"/Users/istvan/Developer/refinery/src/main/components/App.tsx": {"path":"/Users/istvan/Developer/refinery/src/main/components/App.tsx","statementMap":{"0":{"start":{"line":2,"column":0},"end":{"line":2,"column":40}},"1":{"start":{"line":3,"column":0},"end":{"line":3,"column":46}},"2":{"start":{"line":4,"column":0},"end":{"line":4,"column":49}},"3":{"start":{"line":5,"column":0},"end":{"line":5,"column":56}},"4":{"start":{"line":6,"column":0},"end":{"line":6,"column":51}},"5":{"start":{"line":7,"column":0},"end":{"line":7,"column":52}},"6":{"start":{"line":9,"column":0},"end":{"line":9,"column":42}},"7":{"start":{"line":11,"column":12},"end":{"line":67,"column":1}},"8":{"start":{"line":12,"column":10},"end":{"line":12,"column":11}},"9":{"start":{"line":12,"column":11},"end":{"line":12,"column":15}},"10":{"start":{"line":12,"column":17},"end":{"line":12,"column":54}},"11":{"start":{"line":14,"column":24},"end":{"line":22,"column":5}},"12":{"start":{"line":15,"column":8},"end":{"line":21,"column":11}},"13":{"start":{"line":15,"column":9},"end":{"line":19,"column":10}},"14":{"start":{"line":16,"column":48},"end":{"line":16,"column":null}},"15":{"start":{"line":16,"column":31},"end":{"line":16,"column":null}},"16":{"start":{"line":16,"column":23},"end":{"line":16,"column":31}},"17":{"start":{"line":17,"column":16},"end":{"line":17,"column":24}},"18":{"start":{"line":17,"column":24},"end":{"line":17,"column":49}},"19":{"start":{"line":17,"column":16},"end":{"line":17,"column":50}},"20":{"start":{"line":20,"column":12},"end":{"line":20,"column":24}},"21":{"start":{"line":24,"column":19},"end":{"line":24,"column":26}},"22":{"start":{"line":26,"column":29},"end":{"line":35,"column":6}},"23":{"start":{"line":30,"column":50},"end":{"line":34,"column":11}},"24":{"start":{"line":33,"column":43},"end":{"line":33,"column":61}},"25":{"start":{"line":37,"column":4},"end":{"line":66,"column":6}},"26":{"start":{"line":44,"column":53},"end":{"line":46,"column":34}},"27":{"start":{"line":50,"column":59},"end":{"line":56,"column":30}},"28":{"start":{"line":52,"column":60},"end":{"line":54,"column":38}},"29":{"start":{"line":69,"column":0},"end":{"line":69,"column":19}}},"fnMap":{"0":{"name":"(anonymous_15)","decl":{"start":{"line":11,"column":12},"end":{"line":11,"column":null}},"loc":{"start":{"line":11,"column":12},"end":{"line":67,"column":1}}},"1":{"name":"(anonymous_16)","decl":{"start":{"line":14,"column":24},"end":{"line":14,"column":25}},"loc":{"start":{"line":14,"column":40},"end":{"line":22,"column":5}}},"2":{"name":"(anonymous_17)","decl":{"start":{"line":15,"column":9},"end":{"line":15,"column":null}},"loc":{"start":{"line":15,"column":9},"end":{"line":19,"column":10}}},"3":{"name":"(anonymous_20)","decl":{"start":{"line":19,"column":19},"end":{"line":19,"column":24}},"loc":{"start":{"line":19,"column":24},"end":{"line":21,"column":9}}},"4":{"name":"(anonymous_21)","decl":{"start":{"line":30,"column":27},"end":{"line":30,"column":28}},"loc":{"start":{"line":30,"column":45},"end":{"line":30,"column":51}}},"5":{"name":"(anonymous_22)","decl":{"start":{"line":33,"column":36},"end":{"line":33,"column":39}},"loc":{"start":{"line":33,"column":39},"end":{"line":33,"column":44}}},"6":{"name":"(anonymous_23)","decl":{"start":{"line":44,"column":44},"end":{"line":44,"column":49}},"loc":{"start":{"line":44,"column":49},"end":{"line":44,"column":null}}},"7":{"name":"(anonymous_24)","decl":{"start":{"line":50,"column":47},"end":{"line":50,"column":48}},"loc":{"start":{"line":50,"column":54},"end":{"line":50,"column":null}}},"8":{"name":"(anonymous_25)","decl":{"start":{"line":52,"column":45},"end":{"line":52,"column":46}},"loc":{"start":{"line":52,"column":55},"end":{"line":52,"column":null}}}},"branchMap":{"0":{"loc":{"start":{"line":16,"column":31},"end":{"line":16,"column":null}},"type":"if","locations":[{"start":{"line":16,"column":31},"end":{"line":16,"column":null}},{"start":{"line":16,"column":31},"end":{"line":16,"column":null}}]}},"s":{"0":0,"1":0,"2":0,"3":0,"4":0,"5":0,"6":0,"7":0,"8":0,"9":0,"10":0,"11":0,"12":0,"13":0,"14":0,"15":0,"16":0,"17":0,"18":0,"19":0,"20":0,"21":0,"22":0,"23":0,"24":0,"25":0,"26":0,"27":0,"28":0,"29":0},"f":{"0":0,"1":0,"2":0,"3":0,"4":0,"5":0,"6":0,"7":0,"8":0},"b":{"0":[0,0]}}
,"/Users/istvan/Developer/refinery/src/main/store/index.tsx": {"path":"/Users/istvan/Developer/refinery/src/main/store/index.tsx","statementMap":{"0":{"start":{"line":1,"column":0},"end":{"line":1,"column":36}},"1":{"start":{"line":2,"column":0},"end":{"line":2,"column":34}},"2":{"start":{"line":6,"column":14},"end":{"line":6,"column":35}},"3":{"start":{"line":8,"column":0},"end":{"line":8,"column":21}}},"fnMap":{},"branchMap":{},"s":{"0":0,"1":0,"2":0,"3":0},"f":{},"b":{}}
,"/Users/istvan/Developer/refinery/src/main/store/actions/index.tsx": {"path":"/Users/istvan/Developer/refinery/src/main/store/actions/index.tsx","statementMap":{"0":{"start":{"line":12,"column":4},"end":{"line":12,"column":66}},"1":{"start":{"line":11,"column":0},"end":{"line":11,"column":16}}},"fnMap":{"0":{"name":"createAction","decl":{"start":{"line":11,"column":16},"end":{"line":11,"column":28}},"loc":{"start":{"line":11,"column":70},"end":{"line":13,"column":1}}}},"branchMap":{"0":{"loc":{"start":{"line":12,"column":35},"end":{"line":12,"column":43}},"type":"cond-expr","locations":[{"start":{"line":12,"column":35},"end":{"line":12,"column":43}},{"start":{"line":12,"column":47},"end":{"line":12,"column":64}}]}},"s":{"0":0,"1":0},"f":{"0":0},"b":{"0":[0,0]}}
,"/Users/istvan/Developer/refinery/src/main/store/reducers/index.tsx": {"path":"/Users/istvan/Developer/refinery/src/main/store/reducers/index.tsx","statementMap":{"0":{"start":{"line":1,"column":0},"end":{"line":1,"column":40}},"1":{"start":{"line":4,"column":0},"end":{"line":6,"column":3}}},"fnMap":{},"branchMap":{},"s":{"0":0,"1":0},"f":{},"b":{}}
,"/Users/istvan/Developer/refinery/src/ui/components/DropZone.tsx": {"path":"/Users/istvan/Developer/refinery/src/ui/components/DropZone.tsx","statementMap":{"0":{"start":{"line":1,"column":0},"end":{"line":1,"column":26}},"1":{"start":{"line":10,"column":0},"end":{"line":10,"column":60}},"2":{"start":{"line":10,"column":38},"end":{"line":10,"column":43}},"3":{"start":{"line":10,"column":0},"end":{"line":10,"column":38}},"4":{"start":{"line":12,"column":4},"end":{"line":20,"column":6}},"5":{"start":{"line":13,"column":8},"end":{"line":13,"column":31}},"6":{"start":{"line":14,"column":8},"end":{"line":14,"column":32}},"7":{"start":{"line":15,"column":16},"end":{"line":15,"column":27}},"8":{"start":{"line":17,"column":8},"end":{"line":19,"column":null}},"9":{"start":{"line":18,"column":12},"end":{"line":18,"column":26}},"10":{"start":{"line":22,"column":4},"end":{"line":31,"column":6}},"11":{"start":{"line":23,"column":16},"end":{"line":23,"column":27}},"12":{"start":{"line":25,"column":8},"end":{"line":27,"column":null}},"13":{"start":{"line":26,"column":12},"end":{"line":26,"column":26}},"14":{"start":{"line":29,"column":8},"end":{"line":29,"column":31}},"15":{"start":{"line":30,"column":8},"end":{"line":30,"column":32}},"16":{"start":{"line":33,"column":4},"end":{"line":41,"column":6}},"17":{"start":{"line":34,"column":16},"end":{"line":34,"column":27}},"18":{"start":{"line":36,"column":8},"end":{"line":38,"column":null}},"19":{"start":{"line":37,"column":12},"end":{"line":37,"column":50}},"20":{"start":{"line":39,"column":8},"end":{"line":39,"column":31}},"21":{"start":{"line":40,"column":8},"end":{"line":40,"column":32}},"22":{"start":{"line":43,"column":4},"end":{"line":59,"column":6}},"23":{"start":{"line":44,"column":8},"end":{"line":47,"column":null}},"24":{"start":{"line":45,"column":12},"end":{"line":45,"column":34}},"25":{"start":{"line":46,"column":12},"end":{"line":46,"column":19}},"26":{"start":{"line":49,"column":14},"end":{"line":49,"column":16}},"27":{"start":{"line":49,"column":16},"end":{"line":49,"column":27}},"28":{"start":{"line":49,"column":29},"end":{"line":49,"column":40}},"29":{"start":{"line":49,"column":42},"end":{"line":49,"column":62}},"30":{"start":{"line":51,"column":8},"end":{"line":51,"column":25}},"31":{"start":{"line":53,"column":8},"end":{"line":53,"column":63}},"32":{"start":{"line":54,"column":8},"end":{"line":56,"column":18}},"33":{"start":{"line":55,"column":12},"end":{"line":55,"column":35}},"34":{"start":{"line":57,"column":8},"end":{"line":57,"column":63}},"35":{"start":{"line":58,"column":8},"end":{"line":58,"column":58}},"36":{"start":{"line":61,"column":4},"end":{"line":73,"column":null}},"37":{"start":{"line":62,"column":14},"end":{"line":62,"column":16}},"38":{"start":{"line":62,"column":16},"end":{"line":62,"column":25}},"39":{"start":{"line":62,"column":27},"end":{"line":62,"column":50}},"40":{"start":{"line":63,"column":16},"end":{"line":63,"column":26}},"41":{"start":{"line":65,"column":8},"end":{"line":72,"column":10}},"42":{"start":{"line":75,"column":4},"end":{"line":85,"column":null}},"43":{"start":{"line":76,"column":8},"end":{"line":84,"column":null}},"44":{"start":{"line":77,"column":18},"end":{"line":77,"column":20}},"45":{"start":{"line":77,"column":20},"end":{"line":77,"column":31}},"46":{"start":{"line":77,"column":33},"end":{"line":77,"column":44}},"47":{"start":{"line":77,"column":46},"end":{"line":77,"column":66}},"48":{"start":{"line":79,"column":12},"end":{"line":79,"column":68}},"49":{"start":{"line":80,"column":12},"end":{"line":80,"column":68}},"50":{"start":{"line":81,"column":12},"end":{"line":81,"column":63}},"51":{"start":{"line":83,"column":12},"end":{"line":83,"column":34}},"52":{"start":{"line":86,"column":0},"end":{"line":86,"column":null}}},"fnMap":{"0":{"name":"(anonymous_7)","decl":{"start":{"line":10,"column":0},"end":{"line":10,"column":38}},"loc":{"start":{"line":10,"column":0},"end":{"line":86,"column":null}}},"1":{"name":"(anonymous_9)","decl":{"start":{"line":12,"column":18},"end":{"line":12,"column":19}},"loc":{"start":{"line":12,"column":35},"end":{"line":20,"column":5}}},"2":{"name":"(anonymous_10)","decl":{"start":{"line":22,"column":18},"end":{"line":22,"column":19}},"loc":{"start":{"line":22,"column":35},"end":{"line":31,"column":5}}},"3":{"name":"(anonymous_11)","decl":{"start":{"line":33,"column":18},"end":{"line":33,"column":19}},"loc":{"start":{"line":33,"column":35},"end":{"line":41,"column":5}}},"4":{"name":"(anonymous_12)","decl":{"start":{"line":43,"column":17},"end":{"line":43,"column":18}},"loc":{"start":{"line":43,"column":38},"end":{"line":59,"column":5}}},"5":{"name":"(anonymous_13)","decl":{"start":{"line":54,"column":42},"end":{"line":54,"column":47}},"loc":{"start":{"line":54,"column":47},"end":{"line":56,"column":9}}},"6":{"name":"(anonymous_14)","decl":{"start":{"line":61,"column":4},"end":{"line":61,"column":10}},"loc":{"start":{"line":61,"column":4},"end":{"line":73,"column":5}}},"7":{"name":"(anonymous_15)","decl":{"start":{"line":75,"column":4},"end":{"line":75,"column":24}},"loc":{"start":{"line":75,"column":4},"end":{"line":85,"column":5}}}},"branchMap":{"0":{"loc":{"start":{"line":10,"column":0},"end":{"line":10,"column":38}},"type":"binary-expr","locations":[{"start":{"line":10,"column":0},"end":{"line":10,"column":38}},{"start":{"line":10,"column":0},"end":{"line":10,"column":38}},{"start":{"line":10,"column":0},"end":{"line":10,"column":38}}]},"1":{"loc":{"start":{"line":17,"column":8},"end":{"line":19,"column":null}},"type":"if","locations":[{"start":{"line":17,"column":8},"end":{"line":19,"column":null}},{"start":{"line":17,"column":8},"end":{"line":19,"column":null}}]},"2":{"loc":{"start":{"line":25,"column":8},"end":{"line":27,"column":null}},"type":"if","locations":[{"start":{"line":25,"column":8},"end":{"line":27,"column":null}},{"start":{"line":25,"column":8},"end":{"line":27,"column":null}}]},"3":{"loc":{"start":{"line":36,"column":8},"end":{"line":38,"column":null}},"type":"if","locations":[{"start":{"line":36,"column":8},"end":{"line":38,"column":null}},{"start":{"line":36,"column":8},"end":{"line":38,"column":null}}]},"4":{"loc":{"start":{"line":36,"column":12},"end":{"line":36,"column":30}},"type":"binary-expr","locations":[{"start":{"line":36,"column":12},"end":{"line":36,"column":30}},{"start":{"line":36,"column":34},"end":{"line":36,"column":65}}]},"5":{"loc":{"start":{"line":44,"column":8},"end":{"line":47,"column":null}},"type":"if","locations":[{"start":{"line":44,"column":8},"end":{"line":47,"column":null}},{"start":{"line":44,"column":8},"end":{"line":47,"column":null}}]},"6":{"loc":{"start":{"line":76,"column":8},"end":{"line":84,"column":null}},"type":"if","locations":[{"start":{"line":76,"column":8},"end":{"line":84,"column":null}},{"start":{"line":76,"column":8},"end":{"line":84,"column":null}}]}},"s":{"0":0,"1":0,"2":0,"3":0,"4":0,"5":0,"6":0,"7":0,"8":0,"9":0,"10":0,"11":0,"12":0,"13":0,"14":0,"15":0,"16":0,"17":0,"18":0,"19":0,"20":0,"21":0,"22":0,"23":0,"24":0,"25":0,"26":0,"27":0,"28":0,"29":0,"30":0,"31":0,"32":0,"33":0,"34":0,"35":0,"36":0,"37":0,"38":0,"39":0,"40":0,"41":0,"42":0,"43":0,"44":0,"45":0,"46":0,"47":0,"48":0,"49":0,"50":0,"51":0,"52":0},"f":{"0":0,"1":0,"2":0,"3":0,"4":0,"5":0,"6":0,"7":0},"b":{"0":[0,0,0],"1":[0,0],"2":[0,0],"3":[0,0],"4":[0,0],"5":[0,0],"6":[0,0]}}
,"/Users/istvan/Developer/refinery/src/util/fileToBuffer.ts": {"path":"/Users/istvan/Developer/refinery/src/util/fileToBuffer.ts","statementMap":{"0":{"start":{"line":1,"column":21},"end":{"line":1,"column":95}},"1":{"start":{"line":1,"column":38},"end":{"line":1,"column":95}},"2":{"start":{"line":1,"column":43},"end":{"line":1,"column":55}},"3":{"start":{"line":1,"column":55},"end":{"line":1,"column":94}},"4":{"start":{"line":1,"column":43},"end":{"line":1,"column":95}},"5":{"start":{"line":3,"column":0},"end":{"line":3,"column":28}}},"fnMap":{"0":{"name":"(anonymous_13)","decl":{"start":{"line":1,"column":21},"end":{"line":1,"column":28}},"loc":{"start":{"line":1,"column":38},"end":{"line":1,"column":95}}},"1":{"name":"(anonymous_14)","decl":{"start":{"line":1,"column":38},"end":{"line":1,"column":43}},"loc":{"start":{"line":1,"column":38},"end":{"line":1,"column":95}}}},"branchMap":{"0":{"loc":{"start":{"line":1,"column":43},"end":{"line":1,"column":95}},"type":"switch","locations":[{"start":{"line":1,"column":43},"end":{"line":1,"column":95}}]}},"s":{"0":0,"1":0,"2":0,"3":0,"4":0,"5":0},"f":{"0":0,"1":0},"b":{"0":[0]}}
,"/Users/istvan/Developer/refinery/src/util/parseCsvFile.ts": {"path":"/Users/istvan/Developer/refinery/src/util/parseCsvFile.ts","statementMap":{"0":{"start":{"line":1,"column":0},"end":{"line":1,"column":30}},"1":{"start":{"line":2,"column":0},"end":{"line":2,"column":42}},"2":{"start":{"line":4,"column":21},"end":{"line":15,"column":2}},"3":{"start":{"line":4,"column":38},"end":{"line":15,"column":2}},"4":{"start":{"line":5,"column":17},"end":{"line":5,"column":null}},"5":{"start":{"line":5,"column":10},"end":{"line":5,"column":null}},"6":{"start":{"line":6,"column":4},"end":{"line":14,"column":7}},"7":{"start":{"line":7,"column":8},"end":{"line":13,"column":11}},"8":{"start":{"line":8,"column":12},"end":{"line":11,"column":null}},"9":{"start":{"line":9,"column":16},"end":{"line":9,"column":30}},"10":{"start":{"line":10,"column":16},"end":{"line":10,"column":23}},"11":{"start":{"line":12,"column":12},"end":{"line":12,"column":28}},"12":{"start":{"line":17,"column":0},"end":{"line":17,"column":28}}},"fnMap":{"0":{"name":"(anonymous_14)","decl":{"start":{"line":4,"column":21},"end":{"line":4,"column":28}},"loc":{"start":{"line":4,"column":38},"end":{"line":15,"column":2}}},"1":{"name":"(anonymous_15)","decl":{"start":{"line":4,"column":38},"end":{"line":4,"column":null}},"loc":{"start":{"line":4,"column":38},"end":{"line":15,"column":2}}},"2":{"name":"(anonymous_17)","decl":{"start":{"line":6,"column":23},"end":{"line":6,"column":24}},"loc":{"start":{"line":6,"column":39},"end":{"line":14,"column":5}}},"3":{"name":"(anonymous_18)","decl":{"start":{"line":7,"column":37},"end":{"line":7,"column":38}},"loc":{"start":{"line":7,"column":51},"end":{"line":13,"column":9}}}},"branchMap":{"0":{"loc":{"start":{"line":5,"column":17},"end":{"line":5,"column":null}},"type":"switch","locations":[{"start":{"line":5,"column":17},"end":{"line":5,"column":null}}]},"1":{"loc":{"start":{"line":8,"column":12},"end":{"line":11,"column":null}},"type":"if","locations":[{"start":{"line":8,"column":12},"end":{"line":11,"column":null}},{"start":{"line":8,"column":12},"end":{"line":11,"column":null}}]}},"s":{"0":0,"1":0,"2":0,"3":0,"4":0,"5":0,"6":0,"7":0,"8":0,"9":0,"10":0,"11":0,"12":0},"f":{"0":0,"1":0,"2":0,"3":0},"b":{"0":[0],"1":[0,0]}}
,"/Users/istvan/Developer/refinery/src/util/redux.ts": {"path":"/Users/istvan/Developer/refinery/src/util/redux.ts","statementMap":{"0":{"start":{"line":13,"column":4},"end":{"line":13,"column":66}},"1":{"start":{"line":12,"column":0},"end":{"line":12,"column":16}}},"fnMap":{"0":{"name":"createAction","decl":{"start":{"line":12,"column":16},"end":{"line":12,"column":28}},"loc":{"start":{"line":12,"column":70},"end":{"line":14,"column":1}}}},"branchMap":{"0":{"loc":{"start":{"line":13,"column":35},"end":{"line":13,"column":43}},"type":"cond-expr","locations":[{"start":{"line":13,"column":35},"end":{"line":13,"column":43}},{"start":{"line":13,"column":47},"end":{"line":13,"column":64}}]}},"s":{"0":0,"1":0},"f":{"0":0},"b":{"0":[0,0]}}
}
